99100 console messages are not shown.
pc=0x0805072c 0x3402fffe lm32_cpu.js:1699
  r2=0xfffffffe lm32_cpu.js:1706
  r1=0x00000000 lm32_cpu.js:1706
  r2=0x00000000 lm32_cpu.js:1706
pc=0x0800a8b4 0x29630000 lm32_cpu.js:1699
  r3=0xfff80000 lm32_cpu.js:1706
  r2=0xfff7ffff lm32_cpu.js:1706
  r2=0xfff00000 lm32_cpu.js:1706
  r1=0x00000001 lm32_cpu.js:1706
pc=0x0800a8dc 0xa06d0800 lm32_cpu.js:1699
  r1=0x00080000 lm32_cpu.js:1706
  r12=0x00008974 lm32_cpu.js:1706
pc=0x0800a890 0x158b001f lm32_cpu.js:1699
  r11=0x00000000 lm32_cpu.js:1706
  r1=0x0822e000 lm32_cpu.js:1706
  r11=0x00008974 lm32_cpu.js:1706
  r11=0x0000044b lm32_cpu.js:1706
  r13=0x00100000 lm32_cpu.js:1706
  r11=0x0000112c lm32_cpu.js:1706
  r11=0x0822f12c lm32_cpu.js:1706
pc=0x0805072c 0x3402fffe lm32_cpu.js:1699
  r2=0xfffffffe lm32_cpu.js:1706
  r1=0x00000000 lm32_cpu.js:1706
  r2=0x00000000 lm32_cpu.js:1706
pc=0x0800a8b4 0x29630000 lm32_cpu.js:1699
  r3=0xfff00000 lm32_cpu.js:1706
  r2=0xffefffff lm32_cpu.js:1706
  r2=0xffe00000 lm32_cpu.js:1706
  r1=0x00000001 lm32_cpu.js:1706
pc=0x0800a8dc 0xa06d0800 lm32_cpu.js:1699
  r1=0x00100000 lm32_cpu.js:1706
  r12=0x00008975 lm32_cpu.js:1706
pc=0x0800a890 0x158b001f lm32_cpu.js:1699
  r11=0x00000000 lm32_cpu.js:1706
  r1=0x0822e000 lm32_cpu.js:1706
  r11=0x00008975 lm32_cpu.js:1706
  r11=0x0000044b lm32_cpu.js:1706
  r13=0x00200000 lm32_cpu.js:1706
  r11=0x0000112c lm32_cpu.js:1706
  r11=0x0822f12c lm32_cpu.js:1706
pc=0x0805072c 0x3402fffe lm32_cpu.js:1699
  r2=0xfffffffe lm32_cpu.js:1706
  r1=0x00000000 lm32_cpu.js:1706
  r2=0x00000000 lm32_cpu.js:1706
pc=0x0800a8b4 0x29630000 lm32_cpu.js:1699
  r3=0xffe00000 lm32_cpu.js:1706
  r2=0xffdfffff lm32_cpu.js:1706
  r2=0xffc00000 lm32_cpu.js:1706
  r1=0x00000001 lm32_cpu.js:1706
pc=0x0800a8dc 0xa06d0800 lm32_cpu.js:1699
  r1=0x00200000 lm32_cpu.js:1706
  r12=0x00008976 lm32_cpu.js:1706
pc=0x0800a890 0x158b001f lm32_cpu.js:1699
  r11=0x00000000 lm32_cpu.js:1706
  r1=0x0822e000 lm32_cpu.js:1706
  r11=0x00008976 lm32_cpu.js:1706
  r11=0x0000044b lm32_cpu.js:1706
  r13=0x00400000 lm32_cpu.js:1706
  r11=0x0000112c lm32_cpu.js:1706
  r11=0x0822f12c lm32_cpu.js:1706
pc=0x0805072c 0x3402fffe lm32_cpu.js:1699
  r2=0xfffffffe lm32_cpu.js:1706
  r1=0x00000000 lm32_cpu.js:1706
  r2=0x00000000 lm32_cpu.js:1706
pc=0x0800a8b4 0x29630000 lm32_cpu.js:1699
  r3=0xffc00000 lm32_cpu.js:1706
  r2=0xffbfffff lm32_cpu.js:1706
  r2=0xff800000 lm32_cpu.js:1706
  r1=0x00000001 lm32_cpu.js:1706
pc=0x0800a8dc 0xa06d0800 lm32_cpu.js:1699
  r1=0x00400000 lm32_cpu.js:1706
  r12=0x00008977 lm32_cpu.js:1706
pc=0x0800a890 0x158b001f lm32_cpu.js:1699
  r11=0x00000000 lm32_cpu.js:1706
  r1=0x0822e000 lm32_cpu.js:1706
  r11=0x00008977 lm32_cpu.js:1706
  r11=0x0000044b lm32_cpu.js:1706
  r13=0x00800000 lm32_cpu.js:1706
  r11=0x0000112c lm32_cpu.js:1706
  r11=0x0822f12c lm32_cpu.js:1706
pc=0x0805072c 0x3402fffe lm32_cpu.js:1699
  r2=0xfffffffe lm32_cpu.js:1706
  r1=0x00000000 lm32_cpu.js:1706
  r2=0x00000000 lm32_cpu.js:1706
pc=0x0800a8b4 0x29630000 lm32_cpu.js:1699
  r3=0xff800000 lm32_cpu.js:1706
  r2=0xff7fffff lm32_cpu.js:1706
  r2=0xff000000 lm32_cpu.js:1706
  r1=0x00000001 lm32_cpu.js:1706
pc=0x0800a8dc 0xa06d0800 lm32_cpu.js:1699
  r1=0x00800000 lm32_cpu.js:1706
  r12=0x00008978 lm32_cpu.js:1706
pc=0x0800a890 0x158b001f lm32_cpu.js:1699
  r11=0x00000000 lm32_cpu.js:1706
  r1=0x0822e000 lm32_cpu.js:1706
  r11=0x00008978 lm32_cpu.js:1706
  r11=0x0000044b lm32_cpu.js:1706
  r13=0x01000000 lm32_cpu.js:1706
  r11=0x0000112c lm32_cpu.js:1706
  r11=0x0822f12c lm32_cpu.js:1706
pc=0x0805072c 0x3402fffe lm32_cpu.js:1699
  r2=0xfffffffe lm32_cpu.js:1706
  r1=0x00000000 lm32_cpu.js:1706
  r2=0x00000000 lm32_cpu.js:1706
pc=0x0800a8b4 0x29630000 lm32_cpu.js:1699
  r3=0xff000000 lm32_cpu.js:1706
  r2=0xfeffffff lm32_cpu.js:1706
  r2=0xfe000000 lm32_cpu.js:1706
  r1=0x00000001 lm32_cpu.js:1706
pc=0x0800a8dc 0xa06d0800 lm32_cpu.js:1699
  r1=0x01000000 lm32_cpu.js:1706
  r12=0x00008979 lm32_cpu.js:1706
pc=0x0800a890 0x158b001f lm32_cpu.js:1699
  r11=0x00000000 lm32_cpu.js:1706
  r1=0x0822e000 lm32_cpu.js:1706
  r11=0x00008979 lm32_cpu.js:1706
  r11=0x0000044b lm32_cpu.js:1706
  r13=0x02000000 lm32_cpu.js:1706
  r11=0x0000112c lm32_cpu.js:1706
  r11=0x0822f12c lm32_cpu.js:1706
pc=0x0805072c 0x3402fffe lm32_cpu.js:1699
  r2=0xfffffffe lm32_cpu.js:1706
  r1=0x00000000 lm32_cpu.js:1706
  r2=0x00000000 lm32_cpu.js:1706
pc=0x0800a8b4 0x29630000 lm32_cpu.js:1699
  r3=0xfe000000 lm32_cpu.js:1706
  r2=0xfdffffff lm32_cpu.js:1706
  r2=0xfc000000 lm32_cpu.js:1706
  r1=0x00000001 lm32_cpu.js:1706
pc=0x0800a8dc 0xa06d0800 lm32_cpu.js:1699
  r1=0x02000000 lm32_cpu.js:1706
  r12=0x0000897a lm32_cpu.js:1706
pc=0x0800a890 0x158b001f lm32_cpu.js:1699
  r11=0x00000000 lm32_cpu.js:1706
  r1=0x0822e000 lm32_cpu.js:1706
  r11=0x0000897a lm32_cpu.js:1706
  r11=0x0000044b lm32_cpu.js:1706
  r13=0x04000000 lm32_cpu.js:1706
  r11=0x0000112c lm32_cpu.js:1706
  r11=0x0822f12c lm32_cpu.js:1706
pc=0x0805072c 0x3402fffe lm32_cpu.js:1699
  r2=0xfffffffe lm32_cpu.js:1706
  r1=0x00000000 lm32_cpu.js:1706
  r2=0x00000000 lm32_cpu.js:1706
pc=0x0800a8b4 0x29630000 lm32_cpu.js:1699
  r3=0xfc000000 lm32_cpu.js:1706
  r2=0xfbffffff lm32_cpu.js:1706
  r2=0xf8000000 lm32_cpu.js:1706
  r1=0x00000001 lm32_cpu.js:1706
pc=0x0800a8dc 0xa06d0800 lm32_cpu.js:1699
  r1=0x04000000 lm32_cpu.js:1706
  r12=0x0000897b lm32_cpu.js:1706
pc=0x0800a890 0x158b001f lm32_cpu.js:1699
  r11=0x00000000 lm32_cpu.js:1706
  r1=0x0822e000 lm32_cpu.js:1706
  r11=0x0000897b lm32_cpu.js:1706
  r11=0x0000044b lm32_cpu.js:1706
  r13=0x08000000 lm32_cpu.js:1706
  r11=0x0000112c lm32_cpu.js:1706
  r11=0x0822f12c lm32_cpu.js:1706
pc=0x0805072c 0x3402fffe lm32_cpu.js:1699
  r2=0xfffffffe lm32_cpu.js:1706
  r1=0x00000000 lm32_cpu.js:1706
  r2=0x00000000 lm32_cpu.js:1706
pc=0x0800a8b4 0x29630000 lm32_cpu.js:1699
  r3=0xf8000000 lm32_cpu.js:1706
  r2=0xf7ffffff lm32_cpu.js:1706
  r2=0xf0000000 lm32_cpu.js:1706
  r1=0x00000001 lm32_cpu.js:1706
pc=0x0800a8dc 0xa06d0800 lm32_cpu.js:1699
  r1=0x08000000 lm32_cpu.js:1706
  r12=0x0000897c lm32_cpu.js:1706
pc=0x0800a890 0x158b001f lm32_cpu.js:1699
  r11=0x00000000 lm32_cpu.js:1706
  r1=0x0822e000 lm32_cpu.js:1706
  r11=0x0000897c lm32_cpu.js:1706
  r11=0x0000044b lm32_cpu.js:1706
  r13=0x10000000 lm32_cpu.js:1706
  r11=0x0000112c lm32_cpu.js:1706
  r11=0x0822f12c lm32_cpu.js:1706
pc=0x0805072c 0x3402fffe lm32_cpu.js:1699
  r2=0xfffffffe lm32_cpu.js:1706
  r1=0x00000000 lm32_cpu.js:1706
  r2=0x00000000 lm32_cpu.js:1706
pc=0x0800a8b4 0x29630000 lm32_cpu.js:1699
  r3=0xf0000000 lm32_cpu.js:1706
  r2=0xefffffff lm32_cpu.js:1706
  r2=0xe0000000 lm32_cpu.js:1706
  r1=0x00000001 lm32_cpu.js:1706
pc=0x0800a8dc 0xa06d0800 lm32_cpu.js:1699
  r1=0x10000000 lm32_cpu.js:1706
  r12=0x0000897d lm32_cpu.js:1706
pc=0x0800a890 0x158b001f lm32_cpu.js:1699
  r11=0x00000000 lm32_cpu.js:1706
  r1=0x0822e000 lm32_cpu.js:1706
  r11=0x0000897d lm32_cpu.js:1706
  r11=0x0000044b lm32_cpu.js:1706
  r13=0x20000000 lm32_cpu.js:1706
  r11=0x0000112c lm32_cpu.js:1706
  r11=0x0822f12c lm32_cpu.js:1706
pc=0x0805072c 0x3402fffe lm32_cpu.js:1699
  r2=0xfffffffe lm32_cpu.js:1706
  r1=0x00000000 lm32_cpu.js:1706
  r2=0x00000000 lm32_cpu.js:1706
pc=0x0800a8b4 0x29630000 lm32_cpu.js:1699
  r3=0xe0000000 lm32_cpu.js:1706
  r2=0xdfffffff lm32_cpu.js:1706
  r2=0xc0000000 lm32_cpu.js:1706
  r1=0x00000001 lm32_cpu.js:1706
pc=0x0800a8dc 0xa06d0800 lm32_cpu.js:1699
  r1=0x20000000 lm32_cpu.js:1706
  r12=0x0000897e lm32_cpu.js:1706
pc=0x0800a890 0x158b001f lm32_cpu.js:1699
  r11=0x00000000 lm32_cpu.js:1706
  r1=0x0822e000 lm32_cpu.js:1706
  r11=0x0000897e lm32_cpu.js:1706
  r11=0x0000044b lm32_cpu.js:1706
  r13=0x40000000 lm32_cpu.js:1706
  r11=0x0000112c lm32_cpu.js:1706
  r11=0x0822f12c lm32_cpu.js:1706
pc=0x0805072c 0x3402fffe lm32_cpu.js:1699
  r2=0xfffffffe lm32_cpu.js:1706
  r1=0x00000000 lm32_cpu.js:1706
  r2=0x00000000 lm32_cpu.js:1706
pc=0x0800a8b4 0x29630000 lm32_cpu.js:1699
  r3=0xc0000000 lm32_cpu.js:1706
  r2=0xbfffffff lm32_cpu.js:1706
  r2=0x80000000 lm32_cpu.js:1706
  r1=0x00000001 lm32_cpu.js:1706
pc=0x0800a8dc 0xa06d0800 lm32_cpu.js:1699
  r1=0x40000000 lm32_cpu.js:1706
  r12=0x0000897f lm32_cpu.js:1706
pc=0x0800a890 0x158b001f lm32_cpu.js:1699
  r11=0x00000000 lm32_cpu.js:1706
  r1=0x0822e000 lm32_cpu.js:1706
  r11=0x0000897f lm32_cpu.js:1706
  r11=0x0000044b lm32_cpu.js:1706
  r13=0x80000000 lm32_cpu.js:1706
  r11=0x0000112c lm32_cpu.js:1706
  r11=0x0822f12c lm32_cpu.js:1706
pc=0x0805072c 0x3402fffe lm32_cpu.js:1699
  r2=0xfffffffe lm32_cpu.js:1706
  r1=0x00000000 lm32_cpu.js:1706
  r2=0x00000000 lm32_cpu.js:1706
pc=0x0800a8b4 0x29630000 lm32_cpu.js:1699
  r3=0x80000000 lm32_cpu.js:1706
  r2=0x7fffffff lm32_cpu.js:1706
  r2=0x00000000 lm32_cpu.js:1706
  r1=0x00000001 lm32_cpu.js:1706
pc=0x0800a8dc 0xa06d0800 lm32_cpu.js:1699
  r1=0x80000000 lm32_cpu.js:1706
  r12=0x00008980 lm32_cpu.js:1706
pc=0x0800a890 0x158b001f lm32_cpu.js:1699
  r11=0x00000000 lm32_cpu.js:1706
  r1=0x0822e000 lm32_cpu.js:1706
  r11=0x00008980 lm32_cpu.js:1706
  r11=0x0000044c lm32_cpu.js:1706
  r13=0x00000001 lm32_cpu.js:1706
  r11=0x00001130 lm32_cpu.js:1706
  r11=0x0822f130 lm32_cpu.js:1706
pc=0x0805072c 0x3402fffe lm32_cpu.js:1699
  r2=0xfffffffe lm32_cpu.js:1706
  r1=0x00000000 lm32_cpu.js:1706
  r2=0x00000000 lm32_cpu.js:1706
pc=0x0800a8b4 0x29630000 lm32_cpu.js:1699
  r3=0xffffffff lm32_cpu.js:1706
  r2=0xfffffffe lm32_cpu.js:1706
  r1=0x00000001 lm32_cpu.js:1706
pc=0x0800a8dc 0xa06d0800 lm32_cpu.js:1699
  r12=0x00008981 lm32_cpu.js:1706
pc=0x0800a890 0x158b001f lm32_cpu.js:1699
  r11=0x00000000 lm32_cpu.js:1706
  r1=0x0822e000 lm32_cpu.js:1706
  r11=0x00008981 lm32_cpu.js:1706
  r11=0x0000044c lm32_cpu.js:1706
  r13=0x00000002 lm32_cpu.js:1706
  r11=0x00001130 lm32_cpu.js:1706
  r11=0x0822f130 lm32_cpu.js:1706
pc=0x0805072c 0x3402fffe lm32_cpu.js:1699
  r1=0x00000000 lm32_cpu.js:1706
  r2=0x00000000 lm32_cpu.js:1706
pc=0x0800a8b4 0x29630000 lm32_cpu.js:1699
  r3=0xfffffffe lm32_cpu.js:1706
  r2=0xfffffffd lm32_cpu.js:1706
  r2=0xfffffffc lm32_cpu.js:1706
  r1=0x00000001 lm32_cpu.js:1706
pc=0x0800a8dc 0xa06d0800 lm32_cpu.js:1699
  r1=0x00000002 lm32_cpu.js:1706
  r12=0x00008982 lm32_cpu.js:1706
pc=0x0800a890 0x158b001f lm32_cpu.js:1699
  r11=0x00000000 lm32_cpu.js:1706
  r1=0x0822e000 lm32_cpu.js:1706
  r11=0x00008982 lm32_cpu.js:1706
  r11=0x0000044c lm32_cpu.js:1706
  r13=0x00000004 lm32_cpu.js:1706
  r11=0x00001130 lm32_cpu.js:1706
  r11=0x0822f130 lm32_cpu.js:1706
pc=0x0805072c 0x3402fffe lm32_cpu.js:1699
  r2=0xfffffffe lm32_cpu.js:1706
  r1=0x00000000 lm32_cpu.js:1706
  r2=0x00000000 lm32_cpu.js:1706
pc=0x0800a8b4 0x29630000 lm32_cpu.js:1699
  r3=0xfffffffc lm32_cpu.js:1706
  r2=0xfffffffb lm32_cpu.js:1706
  r2=0xfffffff8 lm32_cpu.js:1706
  r1=0x00000001 lm32_cpu.js:1706
pc=0x0800a8dc 0xa06d0800 lm32_cpu.js:1699
  r1=0x00000004 lm32_cpu.js:1706
  r12=0x00008983 lm32_cpu.js:1706
pc=0x0800a890 0x158b001f lm32_cpu.js:1699
  r11=0x00000000 lm32_cpu.js:1706
  r1=0x0822e000 lm32_cpu.js:1706
  r11=0x00008983 lm32_cpu.js:1706
  r11=0x0000044c lm32_cpu.js:1706
  r13=0x00000008 lm32_cpu.js:1706
  r11=0x00001130 lm32_cpu.js:1706
  r11=0x0822f130 lm32_cpu.js:1706
pc=0x0805072c 0x3402fffe lm32_cpu.js:1699
  r2=0xfffffffe lm32_cpu.js:1706
  r1=0x00000000 lm32_cpu.js:1706
  r2=0x00000000 lm32_cpu.js:1706
pc=0x0800a8b4 0x29630000 lm32_cpu.js:1699
  r3=0xfffffff8 lm32_cpu.js:1706
  r2=0xfffffff7 lm32_cpu.js:1706
  r2=0xfffffff0 lm32_cpu.js:1706
  r1=0x00000001 lm32_cpu.js:1706
pc=0x0800a8dc 0xa06d0800 lm32_cpu.js:1699
  r1=0x00000008 lm32_cpu.js:1706
  r12=0x00008984 lm32_cpu.js:1706
pc=0x0800a890 0x158b001f lm32_cpu.js:1699
  r11=0x00000000 lm32_cpu.js:1706
  r1=0x0822e000 lm32_cpu.js:1706
  r11=0x00008984 lm32_cpu.js:1706
  r11=0x0000044c lm32_cpu.js:1706
  r13=0x00000010 lm32_cpu.js:1706
  r11=0x00001130 lm32_cpu.js:1706
  r11=0x0822f130 lm32_cpu.js:1706
pc=0x0805072c 0x3402fffe lm32_cpu.js:1699
  r2=0xfffffffe lm32_cpu.js:1706
  r1=0x00000000 lm32_cpu.js:1706
  r2=0x00000000 lm32_cpu.js:1706
pc=0x0800a8b4 0x29630000 lm32_cpu.js:1699
  r3=0xfffffff0 lm32_cpu.js:1706
  r2=0xffffffef lm32_cpu.js:1706
  r2=0xffffffe0 lm32_cpu.js:1706
  r1=0x00000001 lm32_cpu.js:1706
pc=0x0800a8dc 0xa06d0800 lm32_cpu.js:1699
  r1=0x00000010 lm32_cpu.js:1706
  r12=0x00008985 lm32_cpu.js:1706
pc=0x0800a890 0x158b001f lm32_cpu.js:1699
  r11=0x00000000 lm32_cpu.js:1706
  r1=0x0822e000 lm32_cpu.js:1706
  r11=0x00008985 lm32_cpu.js:1706
  r11=0x0000044c lm32_cpu.js:1706
  r13=0x00000020 lm32_cpu.js:1706
  r11=0x00001130 lm32_cpu.js:1706
  r11=0x0822f130 lm32_cpu.js:1706
pc=0x0805072c 0x3402fffe lm32_cpu.js:1699
  r2=0xfffffffe lm32_cpu.js:1706
  r1=0x00000000 lm32_cpu.js:1706
  r2=0x00000000 lm32_cpu.js:1706
pc=0x0800a8b4 0x29630000 lm32_cpu.js:1699
  r3=0xffffffe0 lm32_cpu.js:1706
  r2=0xffffffdf lm32_cpu.js:1706
  r2=0xffffffc0 lm32_cpu.js:1706
  r1=0x00000001 lm32_cpu.js:1706
pc=0x0800a8dc 0xa06d0800 lm32_cpu.js:1699
  r1=0x00000020 lm32_cpu.js:1706
  r12=0x00008986 lm32_cpu.js:1706
pc=0x0800a890 0x158b001f lm32_cpu.js:1699
  r11=0x00000000 lm32_cpu.js:1706
  r1=0x0822e000 lm32_cpu.js:1706
  r11=0x00008986 lm32_cpu.js:1706
  r11=0x0000044c lm32_cpu.js:1706
  r13=0x00000040 lm32_cpu.js:1706
  r11=0x00001130 lm32_cpu.js:1706
  r11=0x0822f130 lm32_cpu.js:1706
pc=0x0805072c 0x3402fffe lm32_cpu.js:1699
  r2=0xfffffffe lm32_cpu.js:1706
  r1=0x00000000 lm32_cpu.js:1706
  r2=0x00000000 lm32_cpu.js:1706
pc=0x0800a8b4 0x29630000 lm32_cpu.js:1699
  r3=0xffffffc0 lm32_cpu.js:1706
  r2=0xffffffbf lm32_cpu.js:1706
  r2=0xffffff80 lm32_cpu.js:1706
  r1=0x00000001 lm32_cpu.js:1706
pc=0x0800a8dc 0xa06d0800 lm32_cpu.js:1699
  r1=0x00000040 lm32_cpu.js:1706
  r12=0x00008987 lm32_cpu.js:1706
pc=0x0800a890 0x158b001f lm32_cpu.js:1699
  r11=0x00000000 lm32_cpu.js:1706
  r1=0x0822e000 lm32_cpu.js:1706
  r11=0x00008987 lm32_cpu.js:1706
  r11=0x0000044c lm32_cpu.js:1706
  r13=0x00000080 lm32_cpu.js:1706
  r11=0x00001130 lm32_cpu.js:1706
  r11=0x0822f130 lm32_cpu.js:1706
pc=0x0805072c 0x3402fffe lm32_cpu.js:1699
  r2=0xfffffffe lm32_cpu.js:1706
  r1=0x00000000 lm32_cpu.js:1706
  r2=0x00000000 lm32_cpu.js:1706
pc=0x0800a8b4 0x29630000 lm32_cpu.js:1699
  r3=0xffffff80 lm32_cpu.js:1706
  r2=0xffffff7f lm32_cpu.js:1706
  r2=0xffffff00 lm32_cpu.js:1706
  r1=0x00000001 lm32_cpu.js:1706
pc=0x0800a8dc 0xa06d0800 lm32_cpu.js:1699
  r1=0x00000080 lm32_cpu.js:1706
  r12=0x00008988 lm32_cpu.js:1706
pc=0x0800a890 0x158b001f lm32_cpu.js:1699
  r11=0x00000000 lm32_cpu.js:1706
  r1=0x0822e000 lm32_cpu.js:1706
  r11=0x00008988 lm32_cpu.js:1706
  r11=0x0000044c lm32_cpu.js:1706
  r13=0x00000100 lm32_cpu.js:1706
  r11=0x00001130 lm32_cpu.js:1706
  r11=0x0822f130 lm32_cpu.js:1706
pc=0x0805072c 0x3402fffe lm32_cpu.js:1699
  r2=0xfffffffe lm32_cpu.js:1706
  r1=0x00000000 lm32_cpu.js:1706
  r2=0x00000000 lm32_cpu.js:1706
pc=0x0800a8b4 0x29630000 lm32_cpu.js:1699
  r3=0xffffff00 lm32_cpu.js:1706
  r2=0xfffffeff lm32_cpu.js:1706
  r2=0xfffffe00 lm32_cpu.js:1706
  r1=0x00000001 lm32_cpu.js:1706
pc=0x0800a8dc 0xa06d0800 lm32_cpu.js:1699
  r1=0x00000100 lm32_cpu.js:1706
  r12=0x00008989 lm32_cpu.js:1706
pc=0x0800a890 0x158b001f lm32_cpu.js:1699
  r11=0x00000000 lm32_cpu.js:1706
  r1=0x0822e000 lm32_cpu.js:1706
  r11=0x00008989 lm32_cpu.js:1706
  r11=0x0000044c lm32_cpu.js:1706
  r13=0x00000200 lm32_cpu.js:1706
  r11=0x00001130 lm32_cpu.js:1706
  r11=0x0822f130 lm32_cpu.js:1706
pc=0x0805072c 0x3402fffe lm32_cpu.js:1699
  r2=0xfffffffe lm32_cpu.js:1706
  r1=0x00000000 lm32_cpu.js:1706
  r2=0x00000000 lm32_cpu.js:1706
pc=0x0800a8b4 0x29630000 lm32_cpu.js:1699
  r3=0xfffffe00 lm32_cpu.js:1706
  r2=0xfffffdff lm32_cpu.js:1706
  r2=0xfffffc00 lm32_cpu.js:1706
  r1=0x00000001 lm32_cpu.js:1706
pc=0x0800a8dc 0xa06d0800 lm32_cpu.js:1699
  r1=0x00000200 lm32_cpu.js:1706
  r12=0x0000898a lm32_cpu.js:1706
pc=0x0800a890 0x158b001f lm32_cpu.js:1699
  r11=0x00000000 lm32_cpu.js:1706
  r1=0x0822e000 lm32_cpu.js:1706
  r11=0x0000898a lm32_cpu.js:1706
  r11=0x0000044c lm32_cpu.js:1706
  r13=0x00000400 lm32_cpu.js:1706
  r11=0x00001130 lm32_cpu.js:1706
  r11=0x0822f130 lm32_cpu.js:1706
pc=0x0805072c 0x3402fffe lm32_cpu.js:1699
  r2=0xfffffffe lm32_cpu.js:1706
  r1=0x00000000 lm32_cpu.js:1706
  r2=0x00000000 lm32_cpu.js:1706
pc=0x0800a8b4 0x29630000 lm32_cpu.js:1699
  r3=0xfffffc00 lm32_cpu.js:1706
  r2=0xfffffbff lm32_cpu.js:1706
  r2=0xfffff800 lm32_cpu.js:1706
  r1=0x00000001 lm32_cpu.js:1706
pc=0x0800a8dc 0xa06d0800 lm32_cpu.js:1699
  r1=0x00000400 lm32_cpu.js:1706
  r12=0x0000898b lm32_cpu.js:1706
pc=0x0800a890 0x158b001f lm32_cpu.js:1699
  r11=0x00000000 lm32_cpu.js:1706
  r1=0x0822e000 lm32_cpu.js:1706
  r11=0x0000898b lm32_cpu.js:1706
  r11=0x0000044c lm32_cpu.js:1706
  r13=0x00000800 lm32_cpu.js:1706
  r11=0x00001130 lm32_cpu.js:1706
  r11=0x0822f130 lm32_cpu.js:1706
pc=0x0805072c 0x3402fffe lm32_cpu.js:1699
  r2=0xfffffffe lm32_cpu.js:1706
  r1=0x00000000 lm32_cpu.js:1706
  r2=0x00000000 lm32_cpu.js:1706
pc=0x0800a8b4 0x29630000 lm32_cpu.js:1699
  r3=0xfffff800 lm32_cpu.js:1706
  r2=0xfffff7ff lm32_cpu.js:1706
  r2=0xfffff000 lm32_cpu.js:1706
  r1=0x00000001 lm32_cpu.js:1706
pc=0x0800a8dc 0xa06d0800 lm32_cpu.js:1699
  r1=0x00000800 lm32_cpu.js:1706
  r12=0x0000898c lm32_cpu.js:1706
pc=0x0800a890 0x158b001f lm32_cpu.js:1699
  r11=0x00000000 lm32_cpu.js:1706
  r1=0x0822e000 lm32_cpu.js:1706
  r11=0x0000898c lm32_cpu.js:1706
  r11=0x0000044c lm32_cpu.js:1706
  r13=0x00001000 lm32_cpu.js:1706
  r11=0x00001130 lm32_cpu.js:1706
  r11=0x0822f130 lm32_cpu.js:1706
pc=0x0805072c 0x3402fffe lm32_cpu.js:1699
  r2=0xfffffffe lm32_cpu.js:1706
  r1=0x00000000 lm32_cpu.js:1706
  r2=0x00000000 lm32_cpu.js:1706
pc=0x0800a8b4 0x29630000 lm32_cpu.js:1699
  r3=0xfffff000 lm32_cpu.js:1706
  r2=0xffffefff lm32_cpu.js:1706
  r2=0xffffe000 lm32_cpu.js:1706
  r1=0x00000001 lm32_cpu.js:1706
pc=0x0800a8dc 0xa06d0800 lm32_cpu.js:1699
  r1=0x00001000 lm32_cpu.js:1706
  r12=0x0000898d lm32_cpu.js:1706
pc=0x0800a890 0x158b001f lm32_cpu.js:1699
  r11=0x00000000 lm32_cpu.js:1706
  r1=0x0822e000 lm32_cpu.js:1706
  r11=0x0000898d lm32_cpu.js:1706
  r11=0x0000044c lm32_cpu.js:1706
  r13=0x00002000 lm32_cpu.js:1706
  r11=0x00001130 lm32_cpu.js:1706
  r11=0x0822f130 lm32_cpu.js:1706
pc=0x0805072c 0x3402fffe lm32_cpu.js:1699
  r2=0xfffffffe lm32_cpu.js:1706
  r1=0x00000000 lm32_cpu.js:1706
  r2=0x00000000 lm32_cpu.js:1706
pc=0x0800a8b4 0x29630000 lm32_cpu.js:1699
  r3=0xffffe000 lm32_cpu.js:1706
  r2=0xffffdfff lm32_cpu.js:1706
  r2=0xffffc000 lm32_cpu.js:1706
  r1=0x00000001 lm32_cpu.js:1706
pc=0x0800a8dc 0xa06d0800 lm32_cpu.js:1699
  r1=0x00002000 lm32_cpu.js:1706
  r12=0x0000898e lm32_cpu.js:1706
pc=0x0800a890 0x158b001f lm32_cpu.js:1699
  r11=0x00000000 lm32_cpu.js:1706
  r1=0x0822e000 lm32_cpu.js:1706
  r11=0x0000898e lm32_cpu.js:1706
  r11=0x0000044c lm32_cpu.js:1706
  r13=0x00004000 lm32_cpu.js:1706
  r11=0x00001130 lm32_cpu.js:1706
  r11=0x0822f130 lm32_cpu.js:1706
pc=0x0805072c 0x3402fffe lm32_cpu.js:1699
  r2=0xfffffffe lm32_cpu.js:1706
  r1=0x00000000 lm32_cpu.js:1706
  r2=0x00000000 lm32_cpu.js:1706
pc=0x0800a8b4 0x29630000 lm32_cpu.js:1699
  r3=0xffffc000 lm32_cpu.js:1706
  r2=0xffffbfff lm32_cpu.js:1706
  r2=0xffff8000 lm32_cpu.js:1706
  r1=0x00000001 lm32_cpu.js:1706
pc=0x0800a8dc 0xa06d0800 lm32_cpu.js:1699
  r1=0x00004000 lm32_cpu.js:1706
  r12=0x0000898f lm32_cpu.js:1706
pc=0x0800a890 0x158b001f lm32_cpu.js:1699
  r11=0x00000000 lm32_cpu.js:1706
  r1=0x0822e000 lm32_cpu.js:1706
  r11=0x0000898f lm32_cpu.js:1706
  r11=0x0000044c lm32_cpu.js:1706
  r13=0x00008000 lm32_cpu.js:1706
  r11=0x00001130 lm32_cpu.js:1706
  r11=0x0822f130 lm32_cpu.js:1706
pc=0x0805072c 0x3402fffe lm32_cpu.js:1699
  r2=0xfffffffe lm32_cpu.js:1706
  r1=0x00000000 lm32_cpu.js:1706
  r2=0x00000000 lm32_cpu.js:1706
pc=0x0800a8b4 0x29630000 lm32_cpu.js:1699
  r3=0xffff8000 lm32_cpu.js:1706
  r2=0xffff7fff lm32_cpu.js:1706
  r2=0xffff0000 lm32_cpu.js:1706
  r1=0x00000001 lm32_cpu.js:1706
pc=0x0800a8dc 0xa06d0800 lm32_cpu.js:1699
  r1=0x00008000 lm32_cpu.js:1706
  r12=0x00008990 lm32_cpu.js:1706
pc=0x0800a890 0x158b001f lm32_cpu.js:1699
  r11=0x00000000 lm32_cpu.js:1706
  r1=0x0822e000 lm32_cpu.js:1706
  r11=0x00008990 lm32_cpu.js:1706
  r11=0x0000044c lm32_cpu.js:1706
  r13=0x00010000 lm32_cpu.js:1706
  r11=0x00001130 lm32_cpu.js:1706
  r11=0x0822f130 lm32_cpu.js:1706
pc=0x0805072c 0x3402fffe lm32_cpu.js:1699
  r2=0xfffffffe lm32_cpu.js:1706
  r1=0x00000000 lm32_cpu.js:1706
  r2=0x00000000 lm32_cpu.js:1706
pc=0x0800a8b4 0x29630000 lm32_cpu.js:1699
  r3=0xffff0000 lm32_cpu.js:1706
  r2=0xfffeffff lm32_cpu.js:1706
  r2=0xfffe0000 lm32_cpu.js:1706
  r1=0x00000001 lm32_cpu.js:1706
pc=0x0800a8dc 0xa06d0800 lm32_cpu.js:1699
  r1=0x00010000 lm32_cpu.js:1706
  r12=0x00008991 lm32_cpu.js:1706
pc=0x0800a890 0x158b001f lm32_cpu.js:1699
  r11=0x00000000 lm32_cpu.js:1706
  r1=0x0822e000 lm32_cpu.js:1706
  r11=0x00008991 lm32_cpu.js:1706
  r11=0x0000044c lm32_cpu.js:1706
  r13=0x00020000 lm32_cpu.js:1706
  r11=0x00001130 lm32_cpu.js:1706
  r11=0x0822f130 lm32_cpu.js:1706
pc=0x0805072c 0x3402fffe lm32_cpu.js:1699
  r2=0xfffffffe lm32_cpu.js:1706
  r1=0x00000000 lm32_cpu.js:1706
  r2=0x00000000 lm32_cpu.js:1706
pc=0x0800a8b4 0x29630000 lm32_cpu.js:1699
  r3=0xfffe0000 lm32_cpu.js:1706
  r2=0xfffdffff lm32_cpu.js:1706
  r2=0xfffc0000 lm32_cpu.js:1706
  r1=0x00000001 lm32_cpu.js:1706
pc=0x0800a8dc 0xa06d0800 lm32_cpu.js:1699
  r1=0x00020000 lm32_cpu.js:1706
  r12=0x00008992 lm32_cpu.js:1706
pc=0x0800a890 0x158b001f lm32_cpu.js:1699
  r11=0x00000000 lm32_cpu.js:1706
  r1=0x0822e000 lm32_cpu.js:1706
  r11=0x00008992 lm32_cpu.js:1706
  r11=0x0000044c lm32_cpu.js:1706
  r13=0x00040000 lm32_cpu.js:1706
  r11=0x00001130 lm32_cpu.js:1706
  r11=0x0822f130 lm32_cpu.js:1706
pc=0x0805072c 0x3402fffe lm32_cpu.js:1699
  r2=0xfffffffe lm32_cpu.js:1706
  r1=0x00000000 lm32_cpu.js:1706
  r2=0x00000000 lm32_cpu.js:1706
pc=0x0800a8b4 0x29630000 lm32_cpu.js:1699
  r3=0xfffc0000 lm32_cpu.js:1706
  r2=0xfffbffff lm32_cpu.js:1706
  r2=0xfff80000 lm32_cpu.js:1706
  r1=0x00000001 lm32_cpu.js:1706
pc=0x0800a8dc 0xa06d0800 lm32_cpu.js:1699
  r1=0x00040000 lm32_cpu.js:1706
  r12=0x00008993 lm32_cpu.js:1706
pc=0x0800a890 0x158b001f lm32_cpu.js:1699
  r11=0x00000000 lm32_cpu.js:1706
  r1=0x0822e000 lm32_cpu.js:1706
  r11=0x00008993 lm32_cpu.js:1706
  r11=0x0000044c lm32_cpu.js:1706
  r13=0x00080000 lm32_cpu.js:1706
  r11=0x00001130 lm32_cpu.js:1706
  r11=0x0822f130 lm32_cpu.js:1706
pc=0x0805072c 0x3402fffe lm32_cpu.js:1699
  r2=0xfffffffe lm32_cpu.js:1706
  r1=0x00000000 lm32_cpu.js:1706
  r2=0x00000000 lm32_cpu.js:1706
pc=0x0800a8b4 0x29630000 lm32_cpu.js:1699
  r3=0xfff80000 lm32_cpu.js:1706
  r2=0xfff7ffff lm32_cpu.js:1706
  r2=0xfff00000 lm32_cpu.js:1706
  r1=0x00000001 lm32_cpu.js:1706
pc=0x0800a8dc 0xa06d0800 lm32_cpu.js:1699
  r1=0x00080000 lm32_cpu.js:1706
  r12=0x00008994 lm32_cpu.js:1706
pc=0x0800a890 0x158b001f lm32_cpu.js:1699
  r11=0x00000000 lm32_cpu.js:1706
  r1=0x0822e000 lm32_cpu.js:1706
  r11=0x00008994 lm32_cpu.js:1706
  r11=0x0000044c lm32_cpu.js:1706
  r13=0x00100000 lm32_cpu.js:1706
  r11=0x00001130 lm32_cpu.js:1706
  r11=0x0822f130 lm32_cpu.js:1706
pc=0x0805072c 0x3402fffe lm32_cpu.js:1699
  r2=0xfffffffe lm32_cpu.js:1706
  r1=0x00000000 lm32_cpu.js:1706
  r2=0x00000000 lm32_cpu.js:1706
pc=0x0800a8b4 0x29630000 lm32_cpu.js:1699
  r3=0xfff00000 lm32_cpu.js:1706
  r2=0xffefffff lm32_cpu.js:1706
  r2=0xffe00000 lm32_cpu.js:1706
  r1=0x00000001 lm32_cpu.js:1706
pc=0x0800a8dc 0xa06d0800 lm32_cpu.js:1699
  r1=0x00100000 lm32_cpu.js:1706
  r12=0x00008995 lm32_cpu.js:1706
pc=0x0800a890 0x158b001f lm32_cpu.js:1699
  r11=0x00000000 lm32_cpu.js:1706
  r1=0x0822e000 lm32_cpu.js:1706
  r11=0x00008995 lm32_cpu.js:1706
  r11=0x0000044c lm32_cpu.js:1706
  r13=0x00200000 lm32_cpu.js:1706
  r11=0x00001130 lm32_cpu.js:1706
  r11=0x0822f130 lm32_cpu.js:1706
pc=0x0805072c 0x3402fffe lm32_cpu.js:1699
  r2=0xfffffffe lm32_cpu.js:1706
  r1=0x00000000 lm32_cpu.js:1706
  r2=0x00000000 lm32_cpu.js:1706
pc=0x0800a8b4 0x29630000 lm32_cpu.js:1699
  r3=0xffe00000 lm32_cpu.js:1706
  r2=0xffdfffff lm32_cpu.js:1706
  r2=0xffc00000 lm32_cpu.js:1706
  r1=0x00000001 lm32_cpu.js:1706
pc=0x0800a8dc 0xa06d0800 lm32_cpu.js:1699
  r1=0x00200000 lm32_cpu.js:1706
  r12=0x00008996 lm32_cpu.js:1706
pc=0x0800a890 0x158b001f lm32_cpu.js:1699
  r11=0x00000000 lm32_cpu.js:1706
  r1=0x0822e000 lm32_cpu.js:1706
  r11=0x00008996 lm32_cpu.js:1706
  r11=0x0000044c lm32_cpu.js:1706
  r13=0x00400000 lm32_cpu.js:1706
  r11=0x00001130 lm32_cpu.js:1706
  r11=0x0822f130 lm32_cpu.js:1706
pc=0x0805072c 0x3402fffe lm32_cpu.js:1699
  r2=0xfffffffe lm32_cpu.js:1706
  r1=0x00000000 lm32_cpu.js:1706
  r2=0x00000000 lm32_cpu.js:1706
pc=0x0800a8b4 0x29630000 lm32_cpu.js:1699
  r3=0xffc00000 lm32_cpu.js:1706
  r2=0xffbfffff lm32_cpu.js:1706
  r2=0xff800000 lm32_cpu.js:1706
  r1=0x00000001 lm32_cpu.js:1706
pc=0x0800a8dc 0xa06d0800 lm32_cpu.js:1699
  r1=0x00400000 lm32_cpu.js:1706
  r12=0x00008997 lm32_cpu.js:1706
pc=0x0800a890 0x158b001f lm32_cpu.js:1699
  r11=0x00000000 lm32_cpu.js:1706
  r1=0x0822e000 lm32_cpu.js:1706
  r11=0x00008997 lm32_cpu.js:1706
  r11=0x0000044c lm32_cpu.js:1706
  r13=0x00800000 lm32_cpu.js:1706
  r11=0x00001130 lm32_cpu.js:1706
  r11=0x0822f130 lm32_cpu.js:1706
pc=0x0805072c 0x3402fffe lm32_cpu.js:1699
  r2=0xfffffffe lm32_cpu.js:1706
  r1=0x00000000 lm32_cpu.js:1706
  r2=0x00000000 lm32_cpu.js:1706
pc=0x0800a8b4 0x29630000 lm32_cpu.js:1699
  r3=0xff800000 lm32_cpu.js:1706
  r2=0xff7fffff lm32_cpu.js:1706
  r2=0xff000000 lm32_cpu.js:1706
  r1=0x00000001 lm32_cpu.js:1706
pc=0x0800a8dc 0xa06d0800 lm32_cpu.js:1699
  r1=0x00800000 lm32_cpu.js:1706
  r12=0x00008998 lm32_cpu.js:1706
pc=0x0800a890 0x158b001f lm32_cpu.js:1699
  r11=0x00000000 lm32_cpu.js:1706
  r1=0x0822e000 lm32_cpu.js:1706
  r11=0x00008998 lm32_cpu.js:1706
  r11=0x0000044c lm32_cpu.js:1706
  r13=0x01000000 lm32_cpu.js:1706
  r11=0x00001130 lm32_cpu.js:1706
  r11=0x0822f130 lm32_cpu.js:1706
pc=0x0805072c 0x3402fffe lm32_cpu.js:1699
  r2=0xfffffffe lm32_cpu.js:1706
  r1=0x00000000 lm32_cpu.js:1706
  r2=0x00000000 lm32_cpu.js:1706
pc=0x0800a8b4 0x29630000 lm32_cpu.js:1699
  r3=0xff000000 lm32_cpu.js:1706
  r2=0xfeffffff lm32_cpu.js:1706
  r2=0xfe000000 lm32_cpu.js:1706
  r1=0x00000001 lm32_cpu.js:1706
pc=0x0800a8dc 0xa06d0800 lm32_cpu.js:1699
  r1=0x01000000 lm32_cpu.js:1706
  r12=0x00008999 lm32_cpu.js:1706
pc=0x0800a890 0x158b001f lm32_cpu.js:1699
  r11=0x00000000 lm32_cpu.js:1706
  r1=0x0822e000 lm32_cpu.js:1706
  r11=0x00008999 lm32_cpu.js:1706
  r11=0x0000044c lm32_cpu.js:1706
  r13=0x02000000 lm32_cpu.js:1706
  r11=0x00001130 lm32_cpu.js:1706
  r11=0x0822f130 lm32_cpu.js:1706
pc=0x0805072c 0x3402fffe lm32_cpu.js:1699
  r2=0xfffffffe lm32_cpu.js:1706
  r1=0x00000000 lm32_cpu.js:1706
  r2=0x00000000 lm32_cpu.js:1706
pc=0x0800a8b4 0x29630000 lm32_cpu.js:1699
  r3=0xfe000000 lm32_cpu.js:1706
  r2=0xfdffffff lm32_cpu.js:1706
  r2=0xfc000000 lm32_cpu.js:1706
  r1=0x00000001 lm32_cpu.js:1706
pc=0x0800a8dc 0xa06d0800 lm32_cpu.js:1699
  r1=0x02000000 lm32_cpu.js:1706
  r12=0x0000899a lm32_cpu.js:1706
pc=0x0800a890 0x158b001f lm32_cpu.js:1699
  r11=0x00000000 lm32_cpu.js:1706
  r1=0x0822e000 lm32_cpu.js:1706
  r11=0x0000899a lm32_cpu.js:1706
  r11=0x0000044c lm32_cpu.js:1706
  r13=0x04000000 lm32_cpu.js:1706
  r11=0x00001130 lm32_cpu.js:1706
  r11=0x0822f130 lm32_cpu.js:1706
pc=0x0805072c 0x3402fffe lm32_cpu.js:1699
  r2=0xfffffffe lm32_cpu.js:1706
  r1=0x00000000 lm32_cpu.js:1706
  r2=0x00000000 lm32_cpu.js:1706
pc=0x0800a8b4 0x29630000 lm32_cpu.js:1699
  r3=0xfc000000 lm32_cpu.js:1706
  r2=0xfbffffff lm32_cpu.js:1706
  r2=0xf8000000 lm32_cpu.js:1706
  r1=0x00000001 lm32_cpu.js:1706
pc=0x0800a8dc 0xa06d0800 lm32_cpu.js:1699
  r1=0x04000000 lm32_cpu.js:1706
  r12=0x0000899b lm32_cpu.js:1706
pc=0x0800a890 0x158b001f lm32_cpu.js:1699
  r11=0x00000000 lm32_cpu.js:1706
  r1=0x0822e000 lm32_cpu.js:1706
  r11=0x0000899b lm32_cpu.js:1706
  r11=0x0000044c lm32_cpu.js:1706
  r13=0x08000000 lm32_cpu.js:1706
  r11=0x00001130 lm32_cpu.js:1706
  r11=0x0822f130 lm32_cpu.js:1706
pc=0x0805072c 0x3402fffe lm32_cpu.js:1699
  r2=0xfffffffe lm32_cpu.js:1706
  r1=0x00000000 lm32_cpu.js:1706
  r2=0x00000000 lm32_cpu.js:1706
pc=0x0800a8b4 0x29630000 lm32_cpu.js:1699
  r3=0xf8000000 lm32_cpu.js:1706
  r2=0xf7ffffff lm32_cpu.js:1706
  r2=0xf0000000 lm32_cpu.js:1706
  r1=0x00000001 lm32_cpu.js:1706
pc=0x0800a8dc 0xa06d0800 lm32_cpu.js:1699
  r1=0x08000000 lm32_cpu.js:1706
  r12=0x0000899c lm32_cpu.js:1706
pc=0x0800a890 0x158b001f lm32_cpu.js:1699
  r11=0x00000000 lm32_cpu.js:1706
  r1=0x0822e000 lm32_cpu.js:1706
  r11=0x0000899c lm32_cpu.js:1706
  r11=0x0000044c lm32_cpu.js:1706
  r13=0x10000000 lm32_cpu.js:1706
  r11=0x00001130 lm32_cpu.js:1706
  r11=0x0822f130 lm32_cpu.js:1706
pc=0x0805072c 0x3402fffe lm32_cpu.js:1699
  r2=0xfffffffe lm32_cpu.js:1706
  r1=0x00000000 lm32_cpu.js:1706
  r2=0x00000000 lm32_cpu.js:1706
pc=0x0800a8b4 0x29630000 lm32_cpu.js:1699
  r3=0xf0000000 lm32_cpu.js:1706
  r2=0xefffffff lm32_cpu.js:1706
  r2=0xe0000000 lm32_cpu.js:1706
  r1=0x00000001 lm32_cpu.js:1706
pc=0x0800a8dc 0xa06d0800 lm32_cpu.js:1699
  r1=0x10000000 lm32_cpu.js:1706
  r12=0x0000899d lm32_cpu.js:1706
pc=0x0800a890 0x158b001f lm32_cpu.js:1699
  r11=0x00000000 lm32_cpu.js:1706
  r1=0x0822e000 lm32_cpu.js:1706
  r11=0x0000899d lm32_cpu.js:1706
  r11=0x0000044c lm32_cpu.js:1706
  r13=0x20000000 lm32_cpu.js:1706
  r11=0x00001130 lm32_cpu.js:1706
  r11=0x0822f130 lm32_cpu.js:1706
pc=0x0805072c 0x3402fffe lm32_cpu.js:1699
  r2=0xfffffffe lm32_cpu.js:1706
  r1=0x00000000 lm32_cpu.js:1706
  r2=0x00000000 lm32_cpu.js:1706
pc=0x0800a8b4 0x29630000 lm32_cpu.js:1699
  r3=0xe0000000 lm32_cpu.js:1706
  r2=0xdfffffff lm32_cpu.js:1706
  r2=0xc0000000 lm32_cpu.js:1706
  r1=0x00000001 lm32_cpu.js:1706
pc=0x0800a8dc 0xa06d0800 lm32_cpu.js:1699
  r1=0x20000000 lm32_cpu.js:1706
  r12=0x0000899e lm32_cpu.js:1706
pc=0x0800a890 0x158b001f lm32_cpu.js:1699
  r11=0x00000000 lm32_cpu.js:1706
  r1=0x0822e000 lm32_cpu.js:1706
  r11=0x0000899e lm32_cpu.js:1706
  r11=0x0000044c lm32_cpu.js:1706
  r13=0x40000000 lm32_cpu.js:1706
  r11=0x00001130 lm32_cpu.js:1706
  r11=0x0822f130 lm32_cpu.js:1706
pc=0x0805072c 0x3402fffe lm32_cpu.js:1699
  r2=0xfffffffe lm32_cpu.js:1706
  r1=0x00000000 lm32_cpu.js:1706
  r2=0x00000000 lm32_cpu.js:1706
pc=0x0800a8b4 0x29630000 lm32_cpu.js:1699
  r3=0xc0000000 lm32_cpu.js:1706
  r2=0xbfffffff lm32_cpu.js:1706
  r2=0x80000000 lm32_cpu.js:1706
  r1=0x00000001 lm32_cpu.js:1706
pc=0x0800a8dc 0xa06d0800 lm32_cpu.js:1699
  r1=0x40000000 lm32_cpu.js:1706
  r12=0x0000899f lm32_cpu.js:1706
pc=0x0800a890 0x158b001f lm32_cpu.js:1699
  r11=0x00000000 lm32_cpu.js:1706
  r1=0x0822e000 lm32_cpu.js:1706
  r11=0x0000899f lm32_cpu.js:1706
  r11=0x0000044c lm32_cpu.js:1706
  r13=0x80000000 lm32_cpu.js:1706
  r11=0x00001130 lm32_cpu.js:1706
  r11=0x0822f130 lm32_cpu.js:1706
pc=0x0805072c 0x3402fffe lm32_cpu.js:1699
  r2=0xfffffffe lm32_cpu.js:1706
  r1=0x00000000 lm32_cpu.js:1706
  r2=0x00000000 lm32_cpu.js:1706
pc=0x0800a8b4 0x29630000 lm32_cpu.js:1699
  r3=0x80000000 lm32_cpu.js:1706
  r2=0x7fffffff lm32_cpu.js:1706
  r2=0x00000000 lm32_cpu.js:1706
  r1=0x00000001 lm32_cpu.js:1706
pc=0x0800a8dc 0xa06d0800 lm32_cpu.js:1699
  r1=0x80000000 lm32_cpu.js:1706
  r12=0x000089a0 lm32_cpu.js:1706
pc=0x0800a890 0x158b001f lm32_cpu.js:1699
  r11=0x00000000 lm32_cpu.js:1706
  r1=0x0822e000 lm32_cpu.js:1706
  r11=0x000089a0 lm32_cpu.js:1706
  r11=0x0000044d lm32_cpu.js:1706
  r13=0x00000001 lm32_cpu.js:1706
  r11=0x00001134 lm32_cpu.js:1706
  r11=0x0822f134 lm32_cpu.js:1706
pc=0x0805072c 0x3402fffe lm32_cpu.js:1699
  r2=0xfffffffe lm32_cpu.js:1706
  r1=0x00000000 lm32_cpu.js:1706
